[2018-10-18] [11:44:09.980] INFO  RDBTest:12 - RDB: 
[2018-10-18] [11:44:54.989] INFO  RDBTest:12 - RDB: 
[2018-10-18] [11:45:23.511] INFO  RDBTest:12 - RDB: 
[2018-10-18] [11:47:28.161] INFO  RDBTest:12 - RDB converted to JSON: { "size": ": 10, "delay":10, "items":["N~, а никогда!", "N~, никогда", "а никогда", "N~, завтра", "N~, после дождека в четверг :)", "N~, зимой", "N~, летом!", "N~, весной", "N~, в следующем году", "N~, сегодня вечером :)" ]}
[2018-10-18] [11:54:37.298] INFO  RDBTest:12 - RDB converted to JSON: { "size": ": 10, "delay":10, "items":["N~, а никогда!", "N~, никогда", "а никогда", "N~, завтра", "N~, после дождека в четверг :)", "N~, зимой", "N~, летом!", "N~, весной", "N~, в следующем году", "N~, сегодня вечером :)" ]}
[2018-10-18] [11:54:37.305] INFO  RDBTest:17 - 1: а никогда
[2018-10-18] [11:54:37.306] INFO  RDBTest:17 - 2: а никогда
[2018-10-18] [11:54:37.307] INFO  RDBTest:17 - 3: N~, после дождека в четверг :)
[2018-10-18] [11:54:37.308] INFO  RDBTest:17 - 4: N~, после дождека в четверг :)
[2018-10-18] [11:54:37.308] INFO  RDBTest:17 - 5: N~, зимой
[2018-10-18] [11:54:37.309] INFO  RDBTest:17 - 6: N~, после дождека в четверг :)
[2018-10-18] [11:54:37.310] INFO  RDBTest:17 - 7: N~, летом!
[2018-10-18] [11:54:37.310] INFO  RDBTest:17 - 8: N~, в следующем году
[2018-10-18] [11:54:37.311] INFO  RDBTest:17 - 9: N~, в следующем году
[2018-10-18] [11:54:37.312] INFO  RDBTest:17 - 10: N~, а никогда!
[2018-10-18] [11:55:05.900] INFO  RDBTest:12 - RDB converted to JSON: { "size": ": 10, "delay":10, "items":["N~, а никогда!", "N~, никогда", "а никогда", "N~, завтра", "N~, после дождека в четверг :)", "N~, зимой", "N~, летом!", "N~, весной", "N~, в следующем году", "N~, сегодня вечером :)" ]}
[2018-10-18] [11:55:05.906] INFO  RDBTest:17 - 1: N~, после дождека в четверг :)
[2018-10-18] [11:55:05.907] INFO  RDBTest:17 - 2: N~, в следующем году
[2018-10-18] [11:55:05.908] INFO  RDBTest:17 - 3: N~, никогда
[2018-10-18] [11:55:05.909] INFO  RDBTest:17 - 4: N~, в следующем году
[2018-10-18] [11:55:05.909] INFO  RDBTest:17 - 5: N~, после дождека в четверг :)
[2018-10-18] [11:55:05.910] INFO  RDBTest:17 - 6: N~, завтра
[2018-10-18] [11:55:05.911] INFO  RDBTest:17 - 7: N~, в следующем году
[2018-10-18] [11:55:05.912] INFO  RDBTest:17 - 8: N~, летом!
[2018-10-18] [11:55:05.914] INFO  RDBTest:17 - 9: N~, после дождека в четверг :)
[2018-10-18] [11:55:05.914] INFO  RDBTest:17 - 10: N~, в следующем году
[2018-10-18] [11:56:02.74] INFO  RDBTest:12 - RDB converted to JSON: { "size": ": 10, "delay":10, "items":["N~, а никогда!", "N~, никогда", "а никогда", "N~, завтра", "N~, после дождека в четверг :)", "N~, зимой", "N~, летом!", "N~, весной", "N~, в следующем году", "N~, 1234131231 2 сегодня вечером :)" ]}
[2018-10-18] [11:56:02.81] INFO  RDBTest:17 - 1: N~, а никогда!
[2018-10-18] [11:56:02.82] INFO  RDBTest:17 - 2: N~, зимой
[2018-10-18] [11:56:02.82] INFO  RDBTest:17 - 3: а никогда
[2018-10-18] [11:56:02.83] INFO  RDBTest:17 - 4: N~, в следующем году
[2018-10-18] [11:56:02.84] INFO  RDBTest:17 - 5: N~, в следующем году
[2018-10-18] [11:56:02.85] INFO  RDBTest:17 - 6: N~, летом!
[2018-10-18] [11:56:02.86] INFO  RDBTest:17 - 7: N~, в следующем году
[2018-10-18] [11:56:02.87] INFO  RDBTest:17 - 8: N~, никогда
[2018-10-18] [11:56:02.87] INFO  RDBTest:17 - 9: N~, зимой
[2018-10-18] [11:56:02.88] INFO  RDBTest:17 - 10: N~, завтра
[2018-10-18] [11:56:19.665] INFO  RDBTest:12 - RDB converted to JSON: { "size": ": 10, "delay":10, "items":["N~, а никогда!", "N~, никогда", "а никогда", "N~, завтра", "N~, после дождека в четверг :)", "N~, зимой", "N~, летом!", "N~, весной", "N~, в следующем году", "N~, 1234131231 2 сегодня вечером :)" ]}
[2018-10-18] [11:56:19.671] INFO  RDBTest:17 - 1: N~, в следующем году
[2018-10-18] [11:56:19.672] INFO  RDBTest:17 - 2: N~, в следующем году
[2018-10-18] [11:56:19.672] INFO  RDBTest:17 - 3: а никогда
[2018-10-18] [11:56:19.673] INFO  RDBTest:17 - 4: а никогда
[2018-10-18] [11:56:19.674] INFO  RDBTest:17 - 5: N~, летом!
[2018-10-18] [11:56:19.674] INFO  RDBTest:17 - 6: N~, летом!
[2018-10-18] [11:56:19.675] INFO  RDBTest:17 - 7: N~, зимой
[2018-10-18] [11:56:19.675] INFO  RDBTest:17 - 8: а никогда
[2018-10-18] [11:56:19.676] INFO  RDBTest:17 - 9: N~, зимой
[2018-10-18] [11:56:19.677] INFO  RDBTest:17 - 10: N~, в следующем году
[2018-10-18] [11:56:25.983] INFO  RDBTest:12 - RDB converted to JSON: { "size": ": 10, "delay":10, "items":["N~, а никогда!", "N~, никогда", "а никогда", "N~, завтра", "N~, после дождека в четверг :)", "N~, зимой", "N~, летом!", "N~, весной", "N~, в следующем году", "N~, 1234131231 2 сегодня вечером :)" ]}
[2018-10-18] [11:56:25.989] INFO  RDBTest:17 - 1: N~, после дождека в четверг :)
[2018-10-18] [11:56:25.990] INFO  RDBTest:17 - 2: N~, летом!
[2018-10-18] [11:56:25.991] INFO  RDBTest:17 - 3: N~, 1234131231 2 сегодня вечером :)
[2018-10-18] [11:56:25.992] INFO  RDBTest:17 - 4: N~, зимой
[2018-10-18] [11:56:25.993] INFO  RDBTest:17 - 5: N~, завтра
[2018-10-18] [11:56:25.993] INFO  RDBTest:17 - 6: N~, летом!
[2018-10-18] [11:56:25.994] INFO  RDBTest:17 - 7: N~, после дождека в четверг :)
[2018-10-18] [11:56:25.995] INFO  RDBTest:17 - 8: N~, завтра
[2018-10-18] [11:56:25.995] INFO  RDBTest:17 - 9: N~, в следующем году
[2018-10-18] [11:56:25.996] INFO  RDBTest:17 - 10: N~, после дождека в четверг :)
